<?xml version="1.0" encoding="UTF-8"?>
<!-- Generated by org.testng.reporters.JUnitReportReporter -->
<testsuite hostname="LAPTOP-25AN6OAG" failures="0" tests="2" name="tests.Test1" time="0.026" errors="0" timestamp="2022-04-17T15:47:12 AEST" skipped="0">
  <testcase classname="tests.Test1" name="atTest1" time="0.023"/>
  <system-out/>
  <testcase classname="tests.Test1" name="atTest2" time="0.003"/>
  <system-out/>
</testsuite> <!-- tests.Test1 -->
