<?xml version="1.0" encoding="UTF-8"?>
<!-- Generated by org.testng.reporters.JUnitReportReporter -->
<testsuite hostname="LAPTOP-25AN6OAG" failures="0" tests="2" name="tests.Test1" time="0.011" errors="0" timestamp="2022-04-11T14:15:54 AEST" skipped="0">
  <testcase classname="tests.Test1" name="atTest1" time="0.009"/>
  <system-out/>
  <testcase classname="tests.Test1" name="atTest2" time="0.002"/>
  <system-out/>
</testsuite> <!-- tests.Test1 -->
